  ArrivalEvent.cpp
  GUI.cpp
D:\Google Drive\TA\CIE205 Fall 2019\CIE205 Instructors Fall 2019\project\DS Project\DS Project\GUI\GUI.h(2,10): error C1083:  Cannot open include file: 'SFML\Graphics.hpp': No such file or directory
  GUIDrawable.cpp
D:\Google Drive\TA\CIE205 Fall 2019\CIE205 Instructors Fall 2019\project\DS Project\DS Project\GUI\GUI.h(2,10): error C1083:  Cannot open include file: 'SFML\Graphics.hpp': No such file or directory
  VeganGUIElement.cpp
D:\Google Drive\TA\CIE205 Fall 2019\CIE205 Instructors Fall 2019\project\DS Project\DS Project\GUI\GUIDrawables\GUIDrawable.h(2,9): error C1083:  Cannot open include file: 'SFML\Graphics.hpp': No such file or directory
  VIPGUIElement.cpp
D:\Google Drive\TA\CIE205 Fall 2019\CIE205 Instructors Fall 2019\project\DS Project\DS Project\GUI\GUIDrawables\GUIDrawable.h(2,9): error C1083:  Cannot open include file: 'SFML\Graphics.hpp': No such file or directory
  MainScreen.cpp
D:\Google Drive\TA\CIE205 Fall 2019\CIE205 Instructors Fall 2019\project\DS Project\DS Project\GUI\GUIDrawables\GUIDrawable.h(2,9): error C1083:  Cannot open include file: 'SFML\Graphics.hpp': No such file or directory
  StartingScreen.cpp
D:\Google Drive\TA\CIE205 Fall 2019\CIE205 Instructors Fall 2019\project\DS Project\DS Project\GUI\GUIWindows\MainScreen.h(4,9): error C1083:  Cannot open include file: 'SFML\Graphics\Drawable.hpp': No such file or directory
  TextArea.cpp
D:\Google Drive\TA\CIE205 Fall 2019\CIE205 Instructors Fall 2019\project\DS Project\DS Project\GUI\GUIWindows\StartingScreen.h(4,9): error C1083:  Cannot open include file: 'SFML/Graphics/Drawable.hpp': No such file or directory
  NormalGUIElement.cpp
D:\Google Drive\TA\CIE205 Fall 2019\CIE205 Instructors Fall 2019\project\DS Project\DS Project\GUI\GUIWindows\TextArea.h(4,9): error C1083:  Cannot open include file: 'SFML/Graphics/Drawable.hpp': No such file or directory
  Cook.cpp
  Restaurant.cpp
D:\Google Drive\TA\CIE205 Fall 2019\CIE205 Instructors Fall 2019\project\DS Project\DS Project\GUI\GUIDrawables\GUIDrawable.h(2,9): error C1083:  Cannot open include file: 'SFML\Graphics.hpp': No such file or directory
  Source.cpp
D:\Google Drive\TA\CIE205 Fall 2019\CIE205 Instructors Fall 2019\project\DS Project\DS Project\GUI\GUI.h(2,10): error C1083:  Cannot open include file: 'SFML\Graphics.hpp': No such file or directory
  Generating Code...
D:\Google Drive\TA\CIE205 Fall 2019\CIE205 Instructors Fall 2019\project\DS Project\DS Project\GUI\GUI.h(2,10): error C1083:  Cannot open include file: 'SFML\Graphics.hpp': No such file or directory
